<?xml version="1.0" encoding="UTF-8"?>
<testsuite name="ServiceTest" tests="2" skipped="0" failures="0" errors="0" timestamp="2024-06-10T13:13:42" hostname="einfolearning" time="0.01">
  <properties/>
  <testcase name="when_getprix_service_should_return_correct_price()" classname="ServiceTest" time="0.008"/>
  <testcase name="when_no_car_added_should_throw_exception()" classname="ServiceTest" time="0.001"/>
  <system-out><![CDATA[]]></system-out>
  <system-err><![CDATA[]]></system-err>
</testsuite>
